<?xml version="1.0" encoding="UTF-8"?>
<!-- Generated by org.testng.reporters.JUnitReportReporter -->
<testsuite hostname="Vigneshs-MacBook-Pro.local" failures="0" tests="1" name="wikiAutomation.AppiumBeginners.AppiumBasics" time="6.716" errors="0" timestamp="2024-01-19T19:48:28 IST" skipped="0">
  <testcase classname="wikiAutomation.AppiumBeginners.AppiumBasics" name="WifiSettingsName" time="6.716"/>
</testsuite> <!-- wikiAutomation.AppiumBeginners.AppiumBasics -->
