<?xml version="1.0" encoding="UTF-8"?>
<!-- Generated by org.testng.reporters.JUnitReportReporter -->
<testsuite hostname="Vigneshs-MacBook-Pro.local" failures="0" tests="1" name="wikiAutomation.AppiumBeginners.ECom_TestCase_2" time="15.875" errors="0" timestamp="2024-01-23T23:09:48 IST" skipped="0">
  <testcase classname="wikiAutomation.AppiumBeginners.ECom_TestCase_2" name="addToCart" time="15.875"/>
</testsuite> <!-- wikiAutomation.AppiumBeginners.ECom_TestCase_2 -->
