<?xml version="1.0" encoding="UTF-8"?>
<!-- Generated by org.testng.reporters.JUnitReportReporter -->
<testsuite hostname="Vigneshs-MacBook-Pro.local" failures="0" tests="1" name="wikiAutomation.AppiumBeginners.LandscapeOrientation" time="8.269" errors="0" timestamp="2024-01-22T10:09:06 IST" skipped="0">
  <testcase classname="wikiAutomation.AppiumBeginners.LandscapeOrientation" name="WifiSettingsName" time="8.269"/>
</testsuite> <!-- wikiAutomation.AppiumBeginners.LandscapeOrientation -->
