<?xml version="1.0" encoding="UTF-8"?>
<!-- Generated by org.testng.reporters.JUnitReportReporter -->
<testsuite hostname="Vigneshs-MacBook-Pro.local" failures="0" tests="1" name="wikiAutomation.AppiumBeginners.IOSSwipeTestWithInbuiltApp" time="7.120" errors="0" timestamp="2024-01-27T00:02:37 IST" skipped="0">
  <testcase classname="wikiAutomation.AppiumBeginners.IOSSwipeTestWithInbuiltApp" name="swipeTestWithInBuiltApp" time="7.120"/>
</testsuite> <!-- wikiAutomation.AppiumBeginners.IOSSwipeTestWithInbuiltApp -->
