<?xml version="1.0" encoding="UTF-8"?>
<!-- Generated by org.testng.reporters.JUnitReportReporter -->
<testsuite hostname="Vigneshs-MacBook-Pro.local" failures="0" tests="1" name="wikiAutomation.AppiumBeginners.IOSScroll" time="4.967" errors="0" timestamp="2024-01-26T14:03:24 IST" skipped="0">
  <testcase classname="wikiAutomation.AppiumBeginners.IOSScroll" name="iOSScrollTest" time="4.967"/>
</testsuite> <!-- wikiAutomation.AppiumBeginners.IOSScroll -->
