<?xml version="1.0" encoding="UTF-8"?>
<!-- Generated by org.testng.reporters.JUnitReportReporter -->
<testsuite hostname="Vigneshs-MacBook-Pro.local" failures="0" tests="2" name="wikiAutomation.AppiumBeginners.ECom_TestCase_1" time="13.159" errors="0" timestamp="2024-01-23T18:13:01 IST" skipped="0">
  <testcase classname="wikiAutomation.AppiumBeginners.ECom_TestCase_1" name="fillFormWithoutName" time="7.556"/>
  <testcase classname="wikiAutomation.AppiumBeginners.ECom_TestCase_1" name="fillForm" time="5.603"/>
</testsuite> <!-- wikiAutomation.AppiumBeginners.ECom_TestCase_1 -->
