<?xml version="1.0" encoding="UTF-8"?>
<!-- Generated by org.testng.reporters.JUnitReportReporter -->
<testsuite hostname="Vigneshs-MacBook-Pro.local" failures="0" tests="1" name="wikiAutomation.AppiumBeginners.ECom_TestCase_3" time="35.951" errors="0" timestamp="2024-01-25T11:43:09 IST" skipped="0">
  <testcase classname="wikiAutomation.AppiumBeginners.ECom_TestCase_3" name="totalCartAmount" time="35.951"/>
</testsuite> <!-- wikiAutomation.AppiumBeginners.ECom_TestCase_3 -->
