<?xml version="1.0" encoding="UTF-8"?>
<!-- Generated by org.testng.reporters.JUnitReportReporter -->
<testsuite hostname="Vigneshs-MacBook-Pro.local" failures="0" tests="1" name="wikiAutomation.AppiumBeginners.AlertsAssignment" time="7.716" errors="0" timestamp="2024-01-21T00:41:05 IST" skipped="0">
  <testcase classname="wikiAutomation.AppiumBeginners.AlertsAssignment" name="singleChoiceList" time="7.716"/>
</testsuite> <!-- wikiAutomation.AppiumBeginners.AlertsAssignment -->
