<?xml version="1.0" encoding="UTF-8"?>
<!-- Generated by org.testng.reporters.JUnitReportReporter -->
<testsuite hostname="Vigneshs-MacBook-Pro.local" failures="0" tests="1" name="wikiAutomation.AppiumBeginners.DragAndDrop" time="5.305" errors="0" timestamp="2024-01-20T14:30:39 IST" skipped="0">
  <testcase classname="wikiAutomation.AppiumBeginners.DragAndDrop" name="DragAndDropTest" time="5.305"/>
</testsuite> <!-- wikiAutomation.AppiumBeginners.DragAndDrop -->
