<?xml version="1.0" encoding="UTF-8"?>
<!-- Generated by org.testng.reporters.JUnitReportReporter -->
<testsuite hostname="Vigneshs-MacBook-Pro.local" failures="0" tests="1" name="wikiAutomation.AppiumBeginners.IOSSlider" time="5.955" errors="0" timestamp="2024-01-26T23:07:46 IST" skipped="0">
  <testcase classname="wikiAutomation.AppiumBeginners.IOSSlider" name="iOSSlideTest" time="5.955"/>
</testsuite> <!-- wikiAutomation.AppiumBeginners.IOSSlider -->
