<?xml version="1.0" encoding="UTF-8"?>
<!-- Generated by org.testng.reporters.JUnitReportReporter -->
<testsuite hostname="Vigneshs-MacBook-Pro.local" failures="0" tests="1" name="wikiAutomation.AppiumBeginners.LongPress" time="7.702" errors="0" timestamp="2024-01-20T08:31:11 IST" skipped="0">
  <testcase classname="wikiAutomation.AppiumBeginners.LongPress" name="LongPressGesture" time="7.702"/>
</testsuite> <!-- wikiAutomation.AppiumBeginners.LongPress -->
