<?xml version="1.0" encoding="UTF-8"?>
<!-- Generated by org.testng.reporters.JUnitReportReporter -->
<testsuite hostname="Vigneshs-MacBook-Pro.local" failures="0" tests="1" name="wikiAutomation.AppiumBeginners.Swipe" time="6.671" errors="0" timestamp="2024-01-20T10:37:15 IST" skipped="0">
  <testcase classname="wikiAutomation.AppiumBeginners.Swipe" name="SwipingTest" time="6.671"/>
</testsuite> <!-- wikiAutomation.AppiumBeginners.Swipe -->
