<?xml version="1.0" encoding="UTF-8"?>
<!-- Generated by org.testng.reporters.JUnitReportReporter -->
<testsuite hostname="Vigneshs-MacBook-Pro.local" failures="0" tests="1" name="wikiAutomation.AppiumBeginners.IOSBasics" time="5.019" errors="0" timestamp="2024-01-26T11:12:04 IST" skipped="0">
  <testcase classname="wikiAutomation.AppiumBeginners.IOSBasics" name="iOSBasicTest" time="5.019"/>
</testsuite> <!-- wikiAutomation.AppiumBeginners.IOSBasics -->
