<?xml version="1.0" encoding="UTF-8"?>
<!-- Generated by org.testng.reporters.JUnitReportReporter -->
<testsuite hostname="Vigneshs-MacBook-Pro.local" failures="0" tests="1" name="wikiAutomation.AppiumBeginners.ECom_TestCase_3" time="11.501" errors="0" timestamp="2024-01-23T23:33:38 IST" skipped="0">
  <testcase classname="wikiAutomation.AppiumBeginners.ECom_TestCase_3" name="totalCartAmount" time="11.501"/>
</testsuite> <!-- wikiAutomation.AppiumBeginners.ECom_TestCase_3 -->
