<?xml version="1.0" encoding="UTF-8"?>
<!-- Generated by org.testng.reporters.JUnitReportReporter -->
<testsuite hostname="Vigneshs-MacBook-Pro.local" failures="0" tests="1" name="wikiAutomation.AppiumBeginners.Scrolling" time="6.916" errors="0" timestamp="2024-01-20T10:12:49 IST" skipped="0">
  <testcase classname="wikiAutomation.AppiumBeginners.Scrolling" name="ScrollingTest" time="6.916"/>
</testsuite> <!-- wikiAutomation.AppiumBeginners.Scrolling -->
