<?xml version="1.0" encoding="UTF-8"?>
<!-- Generated by org.testng.reporters.JUnitReportReporter -->
<testsuite hostname="Vigneshs-MacBook-Pro.local" failures="0" tests="1" name="wikiAutomation.AppiumBeginners.iOSLongPress" time="6.558" errors="0" timestamp="2024-01-26T12:14:06 IST" skipped="0">
  <testcase classname="wikiAutomation.AppiumBeginners.iOSLongPress" name="longPressTest" time="6.558"/>
</testsuite> <!-- wikiAutomation.AppiumBeginners.iOSLongPress -->
